<?xml version="1.0" encoding="UTF-8"?>
<testsuite name="lab0.Variant11Test" tests="23" skipped="0" failures="0" errors="0" timestamp="2024-10-02T10:39:37" hostname="MacBook-Pro-Maximilian.local" time="0.017">
  <properties/>
  <testcase name="testArrayTask[0]([I@51c668e3, 2, [I@2e6a8155)" classname="lab0.Variant11Test" time="0.003"/>
  <testcase name="testArrayTask[1]([I@d86a6f, 3, [I@2892d68)" classname="lab0.Variant11Test" time="0.0"/>
  <testcase name="testArrayTask[2]([I@3646a422, 4, [I@750e2b97)" classname="lab0.Variant11Test" time="0.0"/>
  <testcase name="testBooleanTask[0](4, 8, true)" classname="lab0.Variant11Test" time="0.0"/>
  <testcase name="testBooleanTask[1](3, 7, true)" classname="lab0.Variant11Test" time="0.0"/>
  <testcase name="testBooleanTask[2](2, 5, false)" classname="lab0.Variant11Test" time="0.0"/>
  <testcase name="testForTask[0](3, 86)" classname="lab0.Variant11Test" time="0.0"/>
  <testcase name="testForTask[1](5, 355)" classname="lab0.Variant11Test" time="0.001"/>
  <testcase name="testForTask[2](1, 5)" classname="lab0.Variant11Test" time="0.0"/>
  <testcase name="testIfTask[0](5, 10, [I@15bb5034)" classname="lab0.Variant11Test" time="0.001"/>
  <testcase name="testIfTask[1](3, 3, [I@25ce9dc4)" classname="lab0.Variant11Test" time="0.001"/>
  <testcase name="testIfTask[2](7, 2, [I@17f62e33)" classname="lab0.Variant11Test" time="0.0"/>
  <testcase name="testIntegerNumbersTask[0](123, [I@27406a17)" classname="lab0.Variant11Test" time="0.001"/>
  <testcase name="testIntegerNumbersTask[1](456, [I@54422e18)" classname="lab0.Variant11Test" time="0.0"/>
  <testcase name="testIntegerNumbersTask[2](789, [I@3e27ba32)" classname="lab0.Variant11Test" time="0.0"/>
  <testcase name="testMatrixTask[0]([[I@3b0fe47a, [I@202b0582)" classname="lab0.Variant11Test" time="0.0"/>
  <testcase name="testMatrixTask[1]([[I@74d1dc36, [I@7161d8d1)" classname="lab0.Variant11Test" time="0.0"/>
  <testcase name="testSwitchTask[0](C, 1, -1, WEST)" classname="lab0.Variant11Test" time="0.001"/>
  <testcase name="testSwitchTask[1](З, 2, 0, WEST)" classname="lab0.Variant11Test" time="0.0"/>
  <testcase name="testSwitchTask[2](Ю, -1, -1, WEST)" classname="lab0.Variant11Test" time="0.0"/>
  <testcase name="testWhileTask[0](10, [I@33065d67)" classname="lab0.Variant11Test" time="0.0"/>
  <testcase name="testWhileTask[1](15, [I@7bba5817)" classname="lab0.Variant11Test" time="0.0"/>
  <testcase name="testWhileTask[2](21, [I@75437611)" classname="lab0.Variant11Test" time="0.0"/>
  <system-out><![CDATA[1
1
1
]]></system-out>
  <system-err><![CDATA[]]></system-err>
</testsuite>
